<?xml version="1.0" encoding="UTF-8"?>
<!-- Generated by org.testng.reporters.JUnitXMLReporter -->
<testsuite ignored="0" hostname="DESKTOP-ISQ03PC" failures="0" tests="4" name="UserTest" time="13.563" errors="0" timestamp="2025-08-17T20:44:27 IST">
  <testcase classname="api.tests.UserTests2" name="createUser" time="4.745"/>
  <testcase classname="api.tests.UserTests2" name="getUserByName" time="1.772"/>
  <testcase classname="api.tests.UserTests2" name="updateUserByName" time="4.131"/>
  <testcase classname="api.tests.UserTests2" name="deleteUserByName" time="1.63"/>
</testsuite> <!-- UserTest -->
