<?xml version="1.0" encoding="UTF-8"?>
<!-- Generated by org.testng.reporters.JUnitXMLReporter -->
<testsuite ignored="0" hostname="DESKTOP-ISQ03PC" failures="0" tests="4" name="UserTest" time="17.736" errors="0" timestamp="2025-08-17T19:32:05 IST">
  <testcase classname="api.tests.UserTests" name="createUser" time="5.679"/>
  <testcase classname="api.tests.UserTests" name="getUserByName" time="3.392"/>
  <testcase classname="api.tests.UserTests" name="updateUserByName" time="4.317"/>
  <testcase classname="api.tests.UserTests" name="deleteUserByName" time="2.629"/>
</testsuite> <!-- UserTest -->
