<?xml version="1.0" encoding="UTF-8"?>
<testsuite xmlns:xsi="http://www.w3.org/2001/XMLSchema-instance" xsi:noNamespaceSchemaLocation="https://maven.apache.org/surefire/maven-surefire-plugin/xsd/surefire-test-report.xsd" version="3.0.2" name="TestSuite" time="18.872" tests="4" errors="0" skipped="0" failures="0">
  <properties>
[...]
</properties>
  <testcase name="createUser" classname="api.tests.UserTests" time="5.693">
    <system-out><![CDATA[HTTP/1.1 200 OK
Date: Sun, 17 Aug 2025 14:01:55 GMT
Content-Type: application/json
Transfer-Encoding: chunked
Connection: keep-alive
Access-Control-Allow-Origin: *
Access-Control-Allow-Methods: GET, POST, DELETE, PUT
Access-Control-Allow-Headers: Content-Type, api_key, Authorization
Server: Jetty(9.2.9.v20150224)

{
    "code": 200,
    "type": "unknown",
    "message": "721671471"
}
{
    "code": 200,
    "type": "unknown",
    "message": "721671471"
}
]]></system-out>
    <system-err><![CDATA[SLF4J(W): No SLF4J providers were found.
SLF4J(W): Defaulting to no-operation (NOP) logger implementation
SLF4J(W): See https://www.slf4j.org/codes.html#noProviders for further details.
]]></system-err>
  </testcase>
  <testcase name="getUserByName" classname="api.tests.UserTests" time="3.395">
    <system-out><![CDATA[HTTP/1.1 404 Not Found
Date: Sun, 17 Aug 2025 14:01:59 GMT
Content-Type: application/json
Transfer-Encoding: chunked
Connection: keep-alive
Access-Control-Allow-Origin: *
Access-Control-Allow-Methods: GET, POST, DELETE, PUT
Access-Control-Allow-Headers: Content-Type, api_key, Authorization
Server: Jetty(9.2.9.v20150224)

{
    "code": 1,
    "type": "error",
    "message": "User not found"
}
{
    "code": 1,
    "type": "error",
    "message": "User not found"
}
]]></system-out>
  </testcase>
  <testcase name="updateUserByName" classname="api.tests.UserTests" time="4.317">
    <system-out><![CDATA[HTTP/1.1 200 OK
Date: Sun, 17 Aug 2025 14:02:00 GMT
Content-Type: application/json
Transfer-Encoding: chunked
Connection: keep-alive
Access-Control-Allow-Origin: *
Access-Control-Allow-Methods: GET, POST, DELETE, PUT
Access-Control-Allow-Headers: Content-Type, api_key, Authorization
Server: Jetty(9.2.9.v20150224)

{
    "code": 200,
    "type": "unknown",
    "message": "721671471"
}
{
    "code": 200,
    "type": "unknown",
    "message": "721671471"
}
HTTP/1.1 200 OK
Date: Sun, 17 Aug 2025 14:02:00 GMT
Content-Type: application/json
Transfer-Encoding: chunked
Connection: keep-alive
Access-Control-Allow-Origin: *
Access-Control-Allow-Methods: GET, POST, DELETE, PUT
Access-Control-Allow-Headers: Content-Type, api_key, Authorization
Server: Jetty(9.2.9.v20150224)

{
    "code": 200,
    "type": "unknown",
    "message": "721671471"
}
{
    "code": 200,
    "type": "unknown",
    "message": "721671471"
}
]]></system-out>
  </testcase>
  <testcase name="deleteUserByName" classname="api.tests.UserTests" time="2.629">
    <system-out><![CDATA[HTTP/1.1 200 OK
Date: Sun, 17 Aug 2025 14:02:05 GMT
Content-Type: application/json
Transfer-Encoding: chunked
Connection: keep-alive
Access-Control-Allow-Origin: *
Access-Control-Allow-Methods: GET, POST, DELETE, PUT
Access-Control-Allow-Headers: Content-Type, api_key, Authorization
Server: Jetty(9.2.9.v20150224)

{
    "code": 200,
    "type": "unknown",
    "message": "jeni.hagenes"
}
{
    "code": 200,
    "type": "unknown",
    "message": "jeni.hagenes"
}
]]></system-out>
  </testcase>
</testsuite>