<?xml version="1.0" encoding="UTF-8"?>
<testng-results ignored="0" total="4" passed="4" failed="0" skipped="0">
  <reporter-output>
  </reporter-output>
  <suite started-at="2025-08-17T19:31:47 IST" name="UserSuite" finished-at="2025-08-17T19:32:05 IST" duration-ms="17736">
    <groups>
    </groups>
    <test started-at="2025-08-17T19:31:47 IST" name="UserTest" finished-at="2025-08-17T19:32:05 IST" duration-ms="17736">
      <class name="api.tests.UserTests">
        <test-method is-config="true" signature="setup()[pri:0, instance:api.tests.UserTests@57a3af25]" started-at="2025-08-17T19:31:47 IST" name="setup" finished-at="2025-08-17T19:31:49 IST" duration-ms="1342" status="PASS">
          <reporter-output>
          </reporter-output>
        </test-method> <!-- setup -->
        <test-method signature="createUser()[pri:1, instance:api.tests.UserTests@57a3af25]" started-at="2025-08-17T19:31:49 IST" name="createUser" finished-at="2025-08-17T19:31:54 IST" duration-ms="5679" status="PASS">
          <reporter-output>
          </reporter-output>
        </test-method> <!-- createUser -->
        <test-method signature="getUserByName()[pri:2, instance:api.tests.UserTests@57a3af25]" started-at="2025-08-17T19:31:54 IST" name="getUserByName" finished-at="2025-08-17T19:31:58 IST" duration-ms="3392" status="PASS">
          <reporter-output>
          </reporter-output>
        </test-method> <!-- getUserByName -->
        <test-method signature="updateUserByName()[pri:3, instance:api.tests.UserTests@57a3af25]" started-at="2025-08-17T19:31:58 IST" name="updateUserByName" finished-at="2025-08-17T19:32:02 IST" duration-ms="4317" status="PASS">
          <reporter-output>
          </reporter-output>
        </test-method> <!-- updateUserByName -->
        <test-method signature="deleteUserByName()[pri:4, instance:api.tests.UserTests@57a3af25]" started-at="2025-08-17T19:32:02 IST" name="deleteUserByName" finished-at="2025-08-17T19:32:05 IST" duration-ms="2629" status="PASS">
          <reporter-output>
          </reporter-output>
        </test-method> <!-- deleteUserByName -->
      </class> <!-- api.tests.UserTests -->
    </test> <!-- UserTest -->
  </suite> <!-- UserSuite -->
</testng-results>
