<?xml version="1.0" encoding="UTF-8"?>
<testng-results ignored="0" total="4" passed="4" failed="0" skipped="0">
  <reporter-output>
  </reporter-output>
  <suite started-at="2025-08-17T20:44:13 IST" name="UserSuite" finished-at="2025-08-17T20:44:26 IST" duration-ms="13563">
    <groups>
    </groups>
    <test started-at="2025-08-17T20:44:13 IST" name="UserTest" finished-at="2025-08-17T20:44:26 IST" duration-ms="13563">
      <class name="api.tests.UserTests2">
        <test-method is-config="true" signature="setup()[pri:0, instance:api.tests.UserTests2@1a677343]" started-at="2025-08-17T20:44:13 IST" name="setup" finished-at="2025-08-17T20:44:14 IST" duration-ms="802" status="PASS">
          <reporter-output>
          </reporter-output>
        </test-method> <!-- setup -->
        <test-method signature="createUser()[pri:1, instance:api.tests.UserTests2@1a677343]" started-at="2025-08-17T20:44:14 IST" name="createUser" finished-at="2025-08-17T20:44:19 IST" duration-ms="4745" status="PASS">
          <reporter-output>
          </reporter-output>
        </test-method> <!-- createUser -->
        <test-method signature="getUserByName()[pri:2, instance:api.tests.UserTests2@1a677343]" started-at="2025-08-17T20:44:19 IST" name="getUserByName" finished-at="2025-08-17T20:44:20 IST" duration-ms="1772" status="PASS">
          <reporter-output>
          </reporter-output>
        </test-method> <!-- getUserByName -->
        <test-method signature="updateUserByName()[pri:3, instance:api.tests.UserTests2@1a677343]" started-at="2025-08-17T20:44:20 IST" name="updateUserByName" finished-at="2025-08-17T20:44:25 IST" duration-ms="4131" status="PASS">
          <reporter-output>
          </reporter-output>
        </test-method> <!-- updateUserByName -->
        <test-method signature="deleteUserByName()[pri:4, instance:api.tests.UserTests2@1a677343]" started-at="2025-08-17T20:44:25 IST" name="deleteUserByName" finished-at="2025-08-17T20:44:26 IST" duration-ms="1630" status="PASS">
          <reporter-output>
          </reporter-output>
        </test-method> <!-- deleteUserByName -->
      </class> <!-- api.tests.UserTests2 -->
    </test> <!-- UserTest -->
  </suite> <!-- UserSuite -->
</testng-results>
