<?xml version="1.0" encoding="UTF-8"?>
<!-- Generated by org.testng.reporters.JUnitReportReporter -->
<testsuite hostname="DESKTOP-ISQ03PC" failures="0" tests="4" name="api.tests.UserTests" time="22.180" errors="0" timestamp="2025-08-17T19:29:45 IST" skipped="0">
  <testcase classname="api.tests.UserTests" name="createUser" time="6.240"/>
  <testcase classname="api.tests.UserTests" name="getUserByName" time="3.872"/>
  <testcase classname="api.tests.UserTests" name="updateUserByName" time="8.334"/>
  <testcase classname="api.tests.UserTests" name="deleteUserByName" time="3.734"/>
</testsuite> <!-- api.tests.UserTests -->
