<?xml version="1.0" encoding="UTF-8"?>
<!-- Generated by org.testng.reporters.JUnitReportReporter -->
<testsuite hostname="DESKTOP-ISQ03PC" failures="0" tests="4" name="api.tests.UserTests" time="16.017" errors="0" timestamp="2025-08-17T19:32:05 IST" skipped="0">
  <testcase classname="api.tests.UserTests" name="createUser" time="5.679"/>
  <testcase classname="api.tests.UserTests" name="getUserByName" time="3.392"/>
  <testcase classname="api.tests.UserTests" name="updateUserByName" time="4.317"/>
  <testcase classname="api.tests.UserTests" name="deleteUserByName" time="2.629"/>
</testsuite> <!-- api.tests.UserTests -->
